# JRE version: Java(TM) SE Runtime Environment (8.0_144-b01) (build 1.8.0_144-b01)
# Java VM: Java HotSpot(TM) 64-Bit Server VM (25.144-b01 mixed mode windows-amd64 compressed oops)
Heap:
 PSYoungGen      total 143872K, used 84266K [0x00000000d5e00000, 0x00000000e7700000, 0x0000000100000000)
  eden space 132608K, 63% used [0x00000000d5e00000,0x00000000db04aa00,0x00000000ddf80000)
  from space 11264K, 0% used [0x00000000ddf80000,0x00000000ddf80000,0x00000000dea80000)
  to   space 11264K, 0% used [0x00000000e6c00000,0x00000000e6c00000,0x00000000e7700000)
 ParOldGen       total 78336K, used 16098K [0x0000000081a00000, 0x0000000086680000, 0x00000000d5e00000)
  object space 78336K, 20% used [0x0000000081a00000,0x00000000829b88f8,0x0000000086680000)
 Metaspace       used 23134K, capacity 23642K, committed 23856K, reserved 1071104K
  class space    used 2680K, capacity 2848K, committed 2864K, reserved 1048576K
GC Heap History (10 events):
Event: 2.431 GC heap before
{Heap before GC invocations=4 (full 0):
 PSYoungGen      total 38400K, used 38368K [0x00000000d5e00000, 0x00000000da900000, 0x0000000100000000)
  eden space 33280K, 100% used [0x00000000d5e00000,0x00000000d7e80000,0x00000000d7e80000)
  from space 5120K, 99% used [0x00000000d7e80000,0x00000000d8378040,0x00000000d8380000)
  to   space 5120K, 0% used [0x00000000da400000,0x00000000da400000,0x00000000da900000)
 ParOldGen       total 87552K, used 4922K [0x0000000081a00000, 0x0000000086f80000, 0x00000000d5e00000)
  object space 87552K, 5% used [0x0000000081a00000,0x0000000081ecea40,0x0000000086f80000)
 Metaspace       used 15802K, capacity 16026K, committed 16384K, reserved 1062912K
  class space    used 1870K, capacity 1975K, committed 2048K, reserved 1048576K
Event: 2.447 GC heap after
Heap after GC invocations=4 (full 0):
 PSYoungGen      total 71680K, used 5104K [0x00000000d5e00000, 0x00000000da900000, 0x0000000100000000)
  eden space 66560K, 0% used [0x00000000d5e00000,0x00000000d5e00000,0x00000000d9f00000)
  from space 5120K, 99% used [0x00000000da400000,0x00000000da8fc030,0x00000000da900000)
  to   space 5120K, 0% used [0x00000000d9f00000,0x00000000d9f00000,0x00000000da400000)
 ParOldGen       total 87552K, used 9026K [0x0000000081a00000, 0x0000000086f80000, 0x00000000d5e00000)
  object space 87552K, 10% used [0x0000000081a00000,0x00000000822d0a68,0x0000000086f80000)
 Metaspace       used 15802K, capacity 16026K, committed 16384K, reserved 1062912K
  class space    used 1870K, capacity 1975K, committed 2048K, reserved 1048576K
}
Event: 3.192 GC heap before
{Heap before GC invocations=5 (full 0):
 PSYoungGen      total 71680K, used 71664K [0x00000000d5e00000, 0x00000000da900000, 0x0000000100000000)
  eden space 66560K, 100% used [0x00000000d5e00000,0x00000000d9f00000,0x00000000d9f00000)
  from space 5120K, 99% used [0x00000000da400000,0x00000000da8fc030,0x00000000da900000)
  to   space 5120K, 0% used [0x00000000d9f00000,0x00000000d9f00000,0x00000000da400000)
 ParOldGen       total 87552K, used 9026K [0x0000000081a00000, 0x0000000086f80000, 0x00000000d5e00000)
  object space 87552K, 10% used [0x0000000081a00000,0x00000000822d0a68,0x0000000086f80000)
 Metaspace       used 16516K, capacity 16766K, committed 17152K, reserved 1064960K
  class space    used 1893K, capacity 1981K, committed 2048K, reserved 1048576K
Event: 3.212 GC heap after
Heap after GC invocations=5 (full 0):
 PSYoungGen      total 71680K, used 5104K [0x00000000d5e00000, 0x00000000df500000, 0x0000000100000000)
  eden space 66560K, 0% used [0x00000000d5e00000,0x00000000d5e00000,0x00000000d9f00000)
  from space 5120K, 99% used [0x00000000d9f00000,0x00000000da3fc010,0x00000000da400000)
  to   space 10752K, 0% used [0x00000000dea80000,0x00000000dea80000,0x00000000df500000)
 ParOldGen       total 87552K, used 12528K [0x0000000081a00000, 0x0000000086f80000, 0x00000000d5e00000)
  object space 87552K, 14% used [0x0000000081a00000,0x000000008263c158,0x0000000086f80000)
 Metaspace       used 16516K, capacity 16766K, committed 17152K, reserved 1064960K
  class space    used 1893K, capacity 1981K, committed 2048K, reserved 1048576K
}
Event: 3.653 GC heap before
{Heap before GC invocations=6 (full 0):
 PSYoungGen      total 71680K, used 64234K [0x00000000d5e00000, 0x00000000df500000, 0x0000000100000000)
  eden space 66560K, 88% used [0x00000000d5e00000,0x00000000d97beab8,0x00000000d9f00000)
  from space 5120K, 99% used [0x00000000d9f00000,0x00000000da3fc010,0x00000000da400000)
  to   space 10752K, 0% used [0x00000000dea80000,0x00000000dea80000,0x00000000df500000)
 ParOldGen       total 87552K, used 12528K [0x0000000081a00000, 0x0000000086f80000, 0x00000000d5e00000)
  object space 87552K, 14% used [0x0000000081a00000,0x000000008263c158,0x0000000086f80000)
 Metaspace       used 18208K, capacity 18650K, committed 18944K, reserved 1067008K
  class space    used 2082K, capacity 2224K, committed 2304K, reserved 1048576K
Event: 3.677 GC heap after
Heap after GC invocations=6 (full 0):
 PSYoungGen      total 143360K, used 9141K [0x00000000d5e00000, 0x00000000df600000, 0x0000000100000000)
  eden space 132608K, 0% used [0x00000000d5e00000,0x00000000d5e00000,0x00000000ddf80000)
  from space 10752K, 85% used [0x00000000dea80000,0x00000000df36d780,0x00000000df500000)
  to   space 11264K, 0% used [0x00000000ddf80000,0x00000000ddf80000,0x00000000dea80000)
 ParOldGen       total 87552K, used 31736K [0x0000000081a00000, 0x0000000086f80000, 0x00000000d5e00000)
  object space 87552K, 36% used [0x0000000081a00000,0x00000000838fe178,0x0000000086f80000)
 Metaspace       used 18208K, capacity 18650K, committed 18944K, reserved 1067008K
  class space    used 2082K, capacity 2224K, committed 2304K, reserved 1048576K
}
Event: 4.081 GC heap before
{Heap before GC invocations=7 (full 0):
 PSYoungGen      total 143360K, used 67652K [0x00000000d5e00000, 0x00000000df600000, 0x0000000100000000)
  eden space 132608K, 44% used [0x00000000d5e00000,0x00000000d9723b20,0x00000000ddf80000)
  from space 10752K, 85% used [0x00000000dea80000,0x00000000df36d780,0x00000000df500000)
  to   space 11264K, 0% used [0x00000000ddf80000,0x00000000ddf80000,0x00000000dea80000)
 ParOldGen       total 87552K, used 31736K [0x0000000081a00000, 0x0000000086f80000, 0x00000000d5e00000)
  object space 87552K, 36% used [0x0000000081a00000,0x00000000838fe178,0x0000000086f80000)
 Metaspace       used 20757K, capacity 21210K, committed 21296K, reserved 1069056K
  class space    used 2412K, capacity 2592K, committed 2608K, reserved 1048576K
Event: 4.098 GC heap after
Heap after GC invocations=7 (full 0):
 PSYoungGen      total 143872K, used 8291K [0x00000000d5e00000, 0x00000000e7700000, 0x0000000100000000)
  eden space 132608K, 0% used [0x00000000d5e00000,0x00000000d5e00000,0x00000000ddf80000)
  from space 11264K, 73% used [0x00000000ddf80000,0x00000000de798c38,0x00000000dea80000)
  to   space 11264K, 0% used [0x00000000e6c00000,0x00000000e6c00000,0x00000000e7700000)
 ParOldGen       total 87552K, used 32837K [0x0000000081a00000, 0x0000000086f80000, 0x00000000d5e00000)
  object space 87552K, 37% used [0x0000000081a00000,0x0000000083a11488,0x0000000086f80000)
 Metaspace       used 20757K, capacity 21210K, committed 21296K, reserved 1069056K
  class space    used 2412K, capacity 2592K, committed 2608K, reserved 1048576K
}
Event: 4.098 GC heap before
{Heap before GC invocations=8 (full 1):
 PSYoungGen      total 143872K, used 8291K [0x00000000d5e00000, 0x00000000e7700000, 0x0000000100000000)
  eden space 132608K, 0% used [0x00000000d5e00000,0x00000000d5e00000,0x00000000ddf80000)
  from space 11264K, 73% used [0x00000000ddf80000,0x00000000de798c38,0x00000000dea80000)
  to   space 11264K, 0% used [0x00000000e6c00000,0x00000000e6c00000,0x00000000e7700000)
 ParOldGen       total 87552K, used 32837K [0x0000000081a00000, 0x0000000086f80000, 0x00000000d5e00000)
  object space 87552K, 37% used [0x0000000081a00000,0x0000000083a11488,0x0000000086f80000)
 Metaspace       used 20757K, capacity 21210K, committed 21296K, reserved 1069056K
  class space    used 2412K, capacity 2592K, committed 2608K, reserved 1048576K
Event: 4.193 GC heap after
Heap after GC invocations=8 (full 1):
 PSYoungGen      total 143872K, used 0K [0x00000000d5e00000, 0x00000000e7700000, 0x0000000100000000)
  eden space 132608K, 0% used [0x00000000d5e00000,0x00000000d5e00000,0x00000000ddf80000)
  from space 11264K, 0% used [0x00000000ddf80000,0x00000000ddf80000,0x00000000dea80000)
  to   space 11264K, 0% used [0x00000000e6c00000,0x00000000e6c00000,0x00000000e7700000)
 ParOldGen       total 78336K, used 16098K [0x0000000081a00000, 0x0000000086680000, 0x00000000d5e00000)
  object space 78336K, 20% used [0x0000000081a00000,0x00000000829b88f8,0x0000000086680000)
 Metaspace       used 20757K, capacity 21210K, committed 21296K, reserved 1069056K
  class space    used 2412K, capacity 2592K, committed 2608K, reserved 1048576K
}

