# JRE version: OpenJDK Runtime Environment Temurin-17+35 (17.0+35) (build 17+35)
# Java VM: OpenJDK 64-Bit Server VM Temurin-17+35 (17+35, mixed mode, emulated-client, tiered, compressed oops, compressed class ptrs, g1 gc, windows-amd64)
GC Precious Log:
 CPUs: 4 total, 4 available
 Memory: 8082M
 Large Page Support: Disabled
 NUMA Support: Disabled
 Compressed Oops: Enabled (32-bit)
 Heap Region Size: 1M
 Heap Min Capacity: 8M
 Heap Initial Capacity: 128M
 Heap Max Capacity: 2022M
 Pre-touch: Disabled
 Parallel Workers: 4
 Concurrent Workers: 1
 Concurrent Refinement Workers: 4
 Periodic GC: Disabled
Heap:
 garbage-first heap   total 112640K, used 85971K [0x0000000081a00000, 0x0000000100000000)
  region size 1024K, 51 young (52224K), 4 survivors (4096K)
 Metaspace       used 76207K, committed 77632K, reserved 1122304K
  class space    used 10500K, committed 11200K, reserved 1048576K
GC Heap History (20 events):
Event: 1990.456 GC heap before
{Heap before GC invocations=95 (full 19):
 garbage-first heap   total 102400K, used 81699K [0x0000000081a00000, 0x0000000100000000)
  region size 1024K, 49 young (50176K), 4 survivors (4096K)
 Metaspace       used 75629K, committed 77056K, reserved 1122304K
  class space    used 10291K, committed 10816K, reserved 1048576K
}
Event: 1990.461 GC heap after
{Heap after GC invocations=96 (full 19):
 garbage-first heap   total 102400K, used 37384K [0x0000000081a00000, 0x0000000100000000)
  region size 1024K, 4 young (4096K), 4 survivors (4096K)
 Metaspace       used 75629K, committed 77056K, reserved 1122304K
  class space    used 10291K, committed 10816K, reserved 1048576K
}
Event: 1992.139 GC heap before
{Heap before GC invocations=96 (full 19):
 garbage-first heap   total 102400K, used 66056K [0x0000000081a00000, 0x0000000100000000)
  region size 1024K, 34 young (34816K), 4 survivors (4096K)
 Metaspace       used 75632K, committed 77056K, reserved 1122304K
  class space    used 10292K, committed 10816K, reserved 1048576K
}
Event: 1992.216 GC heap after
{Heap after GC invocations=97 (full 20):
 garbage-first heap   total 102400K, used 30584K [0x0000000081a00000, 0x0000000100000000)
  region size 1024K, 0 young (0K), 0 survivors (0K)
 Metaspace       used 75093K, committed 76864K, reserved 1122304K
  class space    used 10246K, committed 10816K, reserved 1048576K
}
Event: 1992.804 GC heap before
{Heap before GC invocations=97 (full 20):
 garbage-first heap   total 102400K, used 81784K [0x0000000081a00000, 0x0000000100000000)
  region size 1024K, 51 young (52224K), 0 survivors (0K)
 Metaspace       used 75559K, committed 76864K, reserved 1122304K
  class space    used 10329K, committed 10816K, reserved 1048576K
}
Event: 1992.810 GC heap after
{Heap after GC invocations=98 (full 20):
 garbage-first heap   total 287744K, used 34012K [0x0000000081a00000, 0x0000000100000000)
  region size 1024K, 4 young (4096K), 4 survivors (4096K)
 Metaspace       used 75559K, committed 76864K, reserved 1122304K
  class space    used 10329K, committed 10816K, reserved 1048576K
}
Event: 2064.385 GC heap before
{Heap before GC invocations=98 (full 20):
 garbage-first heap   total 287744K, used 113884K [0x0000000081a00000, 0x0000000100000000)
  region size 1024K, 84 young (86016K), 4 survivors (4096K)
 Metaspace       used 76414K, committed 77760K, reserved 1122304K
  class space    used 10506K, committed 11136K, reserved 1048576K
}
Event: 2064.459 GC heap after
{Heap after GC invocations=99 (full 21):
 garbage-first heap   total 122880K, used 33377K [0x0000000081a00000, 0x0000000100000000)
  region size 1024K, 0 young (0K), 0 survivors (0K)
 Metaspace       used 76414K, committed 77760K, reserved 1122304K
  class space    used 10506K, committed 11136K, reserved 1048576K
}
Event: 2066.244 GC heap before
{Heap before GC invocations=99 (full 21):
 garbage-first heap   total 122880K, used 94817K [0x0000000081a00000, 0x0000000100000000)
  region size 1024K, 61 young (62464K), 0 survivors (0K)
 Metaspace       used 76486K, committed 77888K, reserved 1122304K
  class space    used 10514K, committed 11200K, reserved 1048576K
}
Event: 2066.249 GC heap after
{Heap after GC invocations=100 (full 21):
 garbage-first heap   total 122880K, used 36768K [0x0000000081a00000, 0x0000000100000000)
  region size 1024K, 4 young (4096K), 4 survivors (4096K)
 Metaspace       used 76486K, committed 77888K, reserved 1122304K
  class space    used 10514K, committed 11200K, reserved 1048576K
}
Event: 2068.543 GC heap before
{Heap before GC invocations=100 (full 21):
 garbage-first heap   total 122880K, used 95136K [0x0000000081a00000, 0x0000000100000000)
  region size 1024K, 62 young (63488K), 4 survivors (4096K)
 Metaspace       used 76659K, committed 78016K, reserved 1122304K
  class space    used 10527K, committed 11200K, reserved 1048576K
}
Event: 2068.549 GC heap after
{Heap after GC invocations=101 (full 21):
 garbage-first heap   total 122880K, used 38402K [0x0000000081a00000, 0x0000000100000000)
  region size 1024K, 5 young (5120K), 5 survivors (5120K)
 Metaspace       used 76659K, committed 78016K, reserved 1122304K
  class space    used 10527K, committed 11200K, reserved 1048576K
}
Event: 2115.395 GC heap before
{Heap before GC invocations=101 (full 21):
 garbage-first heap   total 122880K, used 60930K [0x0000000081a00000, 0x0000000100000000)
  region size 1024K, 28 young (28672K), 5 survivors (5120K)
 Metaspace       used 76710K, committed 78080K, reserved 1122304K
  class space    used 10529K, committed 11200K, reserved 1048576K
}
Event: 2115.473 GC heap after
{Heap after GC invocations=102 (full 22):
 garbage-first heap   total 112640K, used 32787K [0x0000000081a00000, 0x0000000100000000)
  region size 1024K, 0 young (0K), 0 survivors (0K)
 Metaspace       used 75905K, committed 77632K, reserved 1122304K
  class space    used 10461K, committed 11200K, reserved 1048576K
}
Event: 2116.017 GC heap before
{Heap before GC invocations=102 (full 22):
 garbage-first heap   total 112640K, used 90131K [0x0000000081a00000, 0x0000000100000000)
  region size 1024K, 57 young (58368K), 0 survivors (0K)
 Metaspace       used 75922K, committed 77632K, reserved 1122304K
  class space    used 10463K, committed 11200K, reserved 1048576K
}
Event: 2116.021 GC heap after
{Heap after GC invocations=103 (full 22):
 garbage-first heap   total 112640K, used 36077K [0x0000000081a00000, 0x0000000100000000)
  region size 1024K, 4 young (4096K), 4 survivors (4096K)
 Metaspace       used 75922K, committed 77632K, reserved 1122304K
  class space    used 10463K, committed 11200K, reserved 1048576K
}
Event: 2125.030 GC heap before
{Heap before GC invocations=103 (full 22):
 garbage-first heap   total 112640K, used 90349K [0x0000000081a00000, 0x0000000100000000)
  region size 1024K, 58 young (59392K), 4 survivors (4096K)
 Metaspace       used 76089K, committed 77632K, reserved 1122304K
  class space    used 10492K, committed 11200K, reserved 1048576K
}
Event: 2125.035 GC heap after
{Heap after GC invocations=104 (full 22):
 garbage-first heap   total 112640K, used 37691K [0x0000000081a00000, 0x0000000100000000)
  region size 1024K, 5 young (5120K), 5 survivors (5120K)
 Metaspace       used 76089K, committed 77632K, reserved 1122304K
  class space    used 10492K, committed 11200K, reserved 1048576K
}
Event: 2125.257 GC heap before
{Heap before GC invocations=104 (full 22):
 garbage-first heap   total 112640K, used 90939K [0x0000000081a00000, 0x0000000100000000)
  region size 1024K, 58 young (59392K), 5 survivors (5120K)
 Metaspace       used 76105K, committed 77632K, reserved 1122304K
  class space    used 10493K, committed 11200K, reserved 1048576K
}
Event: 2125.263 GC heap after
{Heap after GC invocations=105 (full 22):
 garbage-first heap   total 112640K, used 38867K [0x0000000081a00000, 0x0000000100000000)
  region size 1024K, 4 young (4096K), 4 survivors (4096K)
 Metaspace       used 76105K, committed 77632K, reserved 1122304K
  class space    used 10493K, committed 11200K, reserved 1048576K
}

