# JRE version: OpenJDK Runtime Environment Temurin-17+35 (17.0+35) (build 17+35)
# Java VM: OpenJDK 64-Bit Server VM Temurin-17+35 (17+35, mixed mode, tiered, compressed oops, compressed class ptrs, g1 gc, windows-amd64)
GC Precious Log:
 CPUs: 4 total, 4 available
 Memory: 8082M
 Large Page Support: Disabled
 NUMA Support: Disabled
 Compressed Oops: Enabled (32-bit)
 Heap Region Size: 1M
 Heap Min Capacity: 8M
 Heap Initial Capacity: 128M
 Heap Max Capacity: 2022M
 Pre-touch: Disabled
 Parallel Workers: 4
 Concurrent Workers: 1
 Concurrent Refinement Workers: 4
 Periodic GC: Disabled
Heap:
 garbage-first heap   total 164864K, used 85395K [0x0000000081a00000, 0x0000000100000000)
  region size 1024K, 34 young (34816K), 9 survivors (9216K)
 Metaspace       used 35225K, committed 35520K, reserved 1081344K
  class space    used 3646K, committed 3776K, reserved 1048576K
GC Heap History (20 events):
Event: 7.326 GC heap before
{Heap before GC invocations=10 (full 0):
 garbage-first heap   total 51200K, used 50235K [0x0000000081a00000, 0x0000000100000000)
  region size 1024K, 3 young (3072K), 2 survivors (2048K)
 Metaspace       used 23617K, committed 23872K, reserved 1073152K
  class space    used 2406K, committed 2560K, reserved 1048576K
}
Event: 7.329 GC heap after
{Heap after GC invocations=11 (full 0):
 garbage-first heap   total 142336K, used 16545K [0x0000000081a00000, 0x0000000100000000)
  region size 1024K, 1 young (1024K), 1 survivors (1024K)
 Metaspace       used 23617K, committed 23872K, reserved 1073152K
  class space    used 2406K, committed 2560K, reserved 1048576K
}
Event: 7.803 GC heap before
{Heap before GC invocations=12 (full 0):
 garbage-first heap   total 61440K, used 52385K [0x0000000081a00000, 0x0000000100000000)
  region size 1024K, 36 young (36864K), 1 survivors (1024K)
 Metaspace       used 25865K, committed 26112K, reserved 1073152K
  class space    used 2653K, committed 2752K, reserved 1048576K
}
Event: 7.808 GC heap after
{Heap after GC invocations=13 (full 0):
 garbage-first heap   total 61440K, used 18924K [0x0000000081a00000, 0x0000000100000000)
  region size 1024K, 2 young (2048K), 2 survivors (2048K)
 Metaspace       used 25865K, committed 26112K, reserved 1073152K
  class space    used 2653K, committed 2752K, reserved 1048576K
}
Event: 7.809 GC heap before
{Heap before GC invocations=13 (full 0):
 garbage-first heap   total 61440K, used 18924K [0x0000000081a00000, 0x0000000100000000)
  region size 1024K, 3 young (3072K), 2 survivors (2048K)
 Metaspace       used 25865K, committed 26112K, reserved 1073152K
  class space    used 2653K, committed 2752K, reserved 1048576K
}
Event: 7.813 GC heap after
{Heap after GC invocations=14 (full 0):
 garbage-first heap   total 61440K, used 18622K [0x0000000081a00000, 0x0000000100000000)
  region size 1024K, 1 young (1024K), 1 survivors (1024K)
 Metaspace       used 25865K, committed 26112K, reserved 1073152K
  class space    used 2653K, committed 2752K, reserved 1048576K
}
Event: 7.827 GC heap before
{Heap before GC invocations=14 (full 0):
 garbage-first heap   total 61440K, used 47294K [0x0000000081a00000, 0x0000000100000000)
  region size 1024K, 30 young (30720K), 1 survivors (1024K)
 Metaspace       used 25866K, committed 26112K, reserved 1073152K
  class space    used 2653K, committed 2752K, reserved 1048576K
}
Event: 7.828 GC heap after
{Heap after GC invocations=15 (full 0):
 garbage-first heap   total 61440K, used 17694K [0x0000000081a00000, 0x0000000100000000)
  region size 1024K, 1 young (1024K), 1 survivors (1024K)
 Metaspace       used 25866K, committed 26112K, reserved 1073152K
  class space    used 2653K, committed 2752K, reserved 1048576K
}
Event: 8.216 GC heap before
{Heap before GC invocations=15 (full 0):
 garbage-first heap   total 61440K, used 49438K [0x0000000081a00000, 0x0000000100000000)
  region size 1024K, 31 young (31744K), 1 survivors (1024K)
 Metaspace       used 30628K, committed 30976K, reserved 1081344K
  class space    used 3243K, committed 3392K, reserved 1048576K
}
Event: 8.219 GC heap after
{Heap after GC invocations=16 (full 0):
 garbage-first heap   total 61440K, used 23024K [0x0000000081a00000, 0x0000000100000000)
  region size 1024K, 4 young (4096K), 4 survivors (4096K)
 Metaspace       used 30628K, committed 30976K, reserved 1081344K
  class space    used 3243K, committed 3392K, reserved 1048576K
}
Event: 8.612 GC heap before
{Heap before GC invocations=16 (full 0):
 garbage-first heap   total 61440K, used 47600K [0x0000000081a00000, 0x0000000100000000)
  region size 1024K, 28 young (28672K), 4 survivors (4096K)
 Metaspace       used 32268K, committed 32640K, reserved 1081344K
  class space    used 3366K, committed 3520K, reserved 1048576K
}
Event: 8.618 GC heap after
{Heap after GC invocations=17 (full 0):
 garbage-first heap   total 61440K, used 28296K [0x0000000081a00000, 0x0000000100000000)
  region size 1024K, 4 young (4096K), 4 survivors (4096K)
 Metaspace       used 32268K, committed 32640K, reserved 1081344K
  class space    used 3366K, committed 3520K, reserved 1048576K
}
Event: 8.621 GC heap before
{Heap before GC invocations=17 (full 0):
 garbage-first heap   total 61440K, used 45704K [0x0000000081a00000, 0x0000000100000000)
  region size 1024K, 22 young (22528K), 4 survivors (4096K)
 Metaspace       used 32268K, committed 32640K, reserved 1081344K
  class space    used 3366K, committed 3520K, reserved 1048576K
}
Event: 8.627 GC heap after
{Heap after GC invocations=18 (full 0):
 garbage-first heap   total 164864K, used 28456K [0x0000000081a00000, 0x0000000100000000)
  region size 1024K, 1 young (1024K), 1 survivors (1024K)
 Metaspace       used 32268K, committed 32640K, reserved 1081344K
  class space    used 3366K, committed 3520K, reserved 1048576K
}
Event: 10.086 GC heap before
{Heap before GC invocations=18 (full 0):
 garbage-first heap   total 164864K, used 108328K [0x0000000081a00000, 0x0000000100000000)
  region size 1024K, 78 young (79872K), 1 survivors (1024K)
 Metaspace       used 34781K, committed 35136K, reserved 1081344K
  class space    used 3633K, committed 3776K, reserved 1048576K
}
Event: 10.101 GC heap after
{Heap after GC invocations=19 (full 0):
 garbage-first heap   total 164864K, used 42384K [0x0000000081a00000, 0x0000000100000000)
  region size 1024K, 10 young (10240K), 10 survivors (10240K)
 Metaspace       used 34781K, committed 35136K, reserved 1081344K
  class space    used 3633K, committed 3776K, reserved 1048576K
}
Event: 10.592 GC heap before
{Heap before GC invocations=19 (full 0):
 garbage-first heap   total 164864K, used 113040K [0x0000000081a00000, 0x0000000100000000)
  region size 1024K, 78 young (79872K), 10 survivors (10240K)
 Metaspace       used 34906K, committed 35264K, reserved 1081344K
  class space    used 3638K, committed 3776K, reserved 1048576K
}
Event: 10.605 GC heap after
{Heap after GC invocations=20 (full 0):
 garbage-first heap   total 164864K, used 51882K [0x0000000081a00000, 0x0000000100000000)
  region size 1024K, 9 young (9216K), 9 survivors (9216K)
 Metaspace       used 34906K, committed 35264K, reserved 1081344K
  class space    used 3638K, committed 3776K, reserved 1048576K
}
Event: 11.014 GC heap before
{Heap before GC invocations=20 (full 0):
 garbage-first heap   total 164864K, used 113322K [0x0000000081a00000, 0x0000000100000000)
  region size 1024K, 70 young (71680K), 9 survivors (9216K)
 Metaspace       used 34947K, committed 35264K, reserved 1081344K
  class space    used 3638K, committed 3776K, reserved 1048576K
}
Event: 11.023 GC heap after
{Heap after GC invocations=21 (full 0):
 garbage-first heap   total 164864K, used 60819K [0x0000000081a00000, 0x0000000100000000)
  region size 1024K, 9 young (9216K), 9 survivors (9216K)
 Metaspace       used 34947K, committed 35264K, reserved 1081344K
  class space    used 3638K, committed 3776K, reserved 1048576K
}

