# JRE version: OpenJDK Runtime Environment (16.0.1+9) (build 16.0.1+9-24)
# Java VM: OpenJDK 64-Bit Server VM (16.0.1+9-24, mixed mode, tiered, compressed oops, compressed class ptrs, g1 gc, windows-amd64)
GC Precious Log:
 CPUs: 4 total, 4 available
 Memory: 8082M
 Large Page Support: Disabled
 NUMA Support: Disabled
 Compressed Oops: Enabled (32-bit)
 Heap Region Size: 1M
 Heap Min Capacity: 8M
 Heap Initial Capacity: 128M
 Heap Max Capacity: 2022M
 Pre-touch: Disabled
 Parallel Workers: 4
 Concurrent Workers: 1
 Concurrent Refinement Workers: 4
 Periodic GC: Disabled
Heap:
 garbage-first heap   total 106496K, used 27784K [0x0000000081a00000, 0x0000000100000000)
  region size 1024K, 3 young (3072K), 3 survivors (3072K)
 Metaspace       used 68472K, committed 68928K, reserved 1114112K
  class space    used 9044K, committed 9280K, reserved 1048576K
GC Heap History (20 events):
Event: 2742.260 GC heap after
{Heap after GC invocations=29 (full 0):
 garbage-first heap   total 65536K, used 28601K [0x0000000081a00000, 0x0000000100000000)
  region size 1024K, 2 young (2048K), 2 survivors (2048K)
 Metaspace       used 68209K, committed 68672K, reserved 1114112K
  class space    used 8992K, committed 9216K, reserved 1048576K
}
Event: 3458.669 GC heap before
{Heap before GC invocations=29 (full 0):
 garbage-first heap   total 65536K, used 53177K [0x0000000081a00000, 0x0000000100000000)
  region size 1024K, 26 young (26624K), 2 survivors (2048K)
 Metaspace       used 68209K, committed 68672K, reserved 1114112K
  class space    used 8992K, committed 9216K, reserved 1048576K
}
Event: 3458.677 GC heap after
{Heap after GC invocations=30 (full 0):
 garbage-first heap   total 65536K, used 28348K [0x0000000081a00000, 0x0000000100000000)
  region size 1024K, 2 young (2048K), 2 survivors (2048K)
 Metaspace       used 68209K, committed 68672K, reserved 1114112K
  class space    used 8992K, committed 9216K, reserved 1048576K
}
Event: 3621.494 GC heap before
{Heap before GC invocations=30 (full 0):
 garbage-first heap   total 65536K, used 53948K [0x0000000081a00000, 0x0000000100000000)
  region size 1024K, 27 young (27648K), 2 survivors (2048K)
 Metaspace       used 68223K, committed 68800K, reserved 1114112K
  class space    used 8992K, committed 9280K, reserved 1048576K
}
Event: 3621.497 GC heap after
{Heap after GC invocations=31 (full 0):
 garbage-first heap   total 65536K, used 28781K [0x0000000081a00000, 0x0000000100000000)
  region size 1024K, 2 young (2048K), 2 survivors (2048K)
 Metaspace       used 68223K, committed 68800K, reserved 1114112K
  class space    used 8992K, committed 9280K, reserved 1048576K
}
Event: 4359.116 GC heap before
{Heap before GC invocations=31 (full 0):
 garbage-first heap   total 65536K, used 54381K [0x0000000081a00000, 0x0000000100000000)
  region size 1024K, 27 young (27648K), 2 survivors (2048K)
 Metaspace       used 68223K, committed 68800K, reserved 1114112K
  class space    used 8992K, committed 9280K, reserved 1048576K
}
Event: 4359.125 GC heap after
{Heap after GC invocations=32 (full 0):
 garbage-first heap   total 65536K, used 28633K [0x0000000081a00000, 0x0000000100000000)
  region size 1024K, 2 young (2048K), 2 survivors (2048K)
 Metaspace       used 68223K, committed 68800K, reserved 1114112K
  class space    used 8992K, committed 9280K, reserved 1048576K
}
Event: 4617.325 GC heap before
{Heap before GC invocations=32 (full 0):
 garbage-first heap   total 65536K, used 38873K [0x0000000081a00000, 0x0000000100000000)
  region size 1024K, 13 young (13312K), 2 survivors (2048K)
 Metaspace       used 68330K, committed 68864K, reserved 1114112K
  class space    used 9014K, committed 9280K, reserved 1048576K
}
Event: 4617.432 GC heap after
{Heap after GC invocations=33 (full 1):
 garbage-first heap   total 65536K, used 20567K [0x0000000081a00000, 0x0000000100000000)
  region size 1024K, 0 young (0K), 0 survivors (0K)
 Metaspace       used 68155K, committed 68864K, reserved 1114112K
  class space    used 8976K, committed 9280K, reserved 1048576K
}
Event: 4617.980 GC heap before
{Heap before GC invocations=33 (full 1):
 garbage-first heap   total 65536K, used 53335K [0x0000000081a00000, 0x0000000100000000)
  region size 1024K, 33 young (33792K), 0 survivors (0K)
 Metaspace       used 68217K, committed 68864K, reserved 1114112K
  class space    used 8992K, committed 9280K, reserved 1048576K
}
Event: 4617.987 GC heap after
{Heap after GC invocations=34 (full 1):
 garbage-first heap   total 65536K, used 23710K [0x0000000081a00000, 0x0000000100000000)
  region size 1024K, 4 young (4096K), 4 survivors (4096K)
 Metaspace       used 68217K, committed 68864K, reserved 1114112K
  class space    used 8992K, committed 9280K, reserved 1048576K
}
Event: 4617.991 GC heap before
{Heap before GC invocations=34 (full 1):
 garbage-first heap   total 65536K, used 50334K [0x0000000081a00000, 0x0000000100000000)
  region size 1024K, 31 young (31744K), 4 survivors (4096K)
 Metaspace       used 68217K, committed 68864K, reserved 1114112K
  class space    used 8992K, committed 9280K, reserved 1048576K
}
Event: 4617.995 GC heap after
{Heap after GC invocations=35 (full 1):
 garbage-first heap   total 65536K, used 23614K [0x0000000081a00000, 0x0000000100000000)
  region size 1024K, 1 young (1024K), 1 survivors (1024K)
 Metaspace       used 68217K, committed 68864K, reserved 1114112K
  class space    used 8992K, committed 9280K, reserved 1048576K
}
Event: 4622.416 GC heap before
{Heap before GC invocations=35 (full 1):
 garbage-first heap   total 65536K, used 52286K [0x0000000081a00000, 0x0000000100000000)
  region size 1024K, 29 young (29696K), 1 survivors (1024K)
 Metaspace       used 68388K, committed 68864K, reserved 1114112K
  class space    used 9029K, committed 9280K, reserved 1048576K
}
Event: 4622.419 GC heap after
{Heap after GC invocations=36 (full 1):
 garbage-first heap   total 65536K, used 25659K [0x0000000081a00000, 0x0000000100000000)
  region size 1024K, 3 young (3072K), 3 survivors (3072K)
 Metaspace       used 68388K, committed 68864K, reserved 1114112K
  class space    used 9029K, committed 9280K, reserved 1048576K
}
Event: 4622.713 GC heap before
{Heap before GC invocations=36 (full 1):
 garbage-first heap   total 65536K, used 50235K [0x0000000081a00000, 0x0000000100000000)
  region size 1024K, 28 young (28672K), 3 survivors (3072K)
 Metaspace       used 68428K, committed 68928K, reserved 1114112K
  class space    used 9034K, committed 9280K, reserved 1048576K
}
Event: 4622.716 GC heap after
{Heap after GC invocations=37 (full 1):
 garbage-first heap   total 65536K, used 26575K [0x0000000081a00000, 0x0000000100000000)
  region size 1024K, 2 young (2048K), 2 survivors (2048K)
 Metaspace       used 68428K, committed 68928K, reserved 1114112K
  class space    used 9034K, committed 9280K, reserved 1048576K
}
Event: 4622.725 GC heap before
{Heap before GC invocations=37 (full 1):
 garbage-first heap   total 65536K, used 50127K [0x0000000081a00000, 0x0000000100000000)
  region size 1024K, 26 young (26624K), 2 survivors (2048K)
 Metaspace       used 68428K, committed 68928K, reserved 1114112K
  class space    used 9034K, committed 9280K, reserved 1048576K
}
Event: 4622.726 GC heap after
{Heap after GC invocations=38 (full 1):
 garbage-first heap   total 65536K, used 26423K [0x0000000081a00000, 0x0000000100000000)
  region size 1024K, 2 young (2048K), 2 survivors (2048K)
 Metaspace       used 68428K, committed 68928K, reserved 1114112K
  class space    used 9034K, committed 9280K, reserved 1048576K
}
Event: 4638.397 GC heap before
{Heap before GC invocations=38 (full 1):
 garbage-first heap   total 65536K, used 50999K [0x0000000081a00000, 0x0000000100000000)
  region size 1024K, 26 young (26624K), 2 survivors (2048K)
 Metaspace       used 68472K, committed 68928K, reserved 1114112K
  class space    used 9044K, committed 9280K, reserved 1048576K
}

