# JRE version: Java(TM) SE Runtime Environment (8.0_144-b01) (build 1.8.0_144-b01)
# Java VM: Java HotSpot(TM) 64-Bit Server VM (25.144-b01 mixed mode windows-amd64 compressed oops)
Heap:
 PSYoungGen      total 148480K, used 21262K [0x00000000d5e00000, 0x00000000e8000000, 0x0000000100000000)
  eden space 133120K, 15% used [0x00000000d5e00000,0x00000000d72c3af8,0x00000000de000000)
  from space 15360K, 0% used [0x00000000de000000,0x00000000de000000,0x00000000def00000)
  to   space 15360K, 0% used [0x00000000e7100000,0x00000000e7100000,0x00000000e8000000)
 ParOldGen       total 84480K, used 25222K [0x0000000081a00000, 0x0000000086c80000, 0x00000000d5e00000)
  object space 84480K, 29% used [0x0000000081a00000,0x00000000832a1a30,0x0000000086c80000)
 Metaspace       used 25173K, capacity 25906K, committed 26160K, reserved 1073152K
  class space    used 3022K, capacity 3256K, committed 3376K, reserved 1048576K
GC Heap History (10 events):
Event: 3.405 GC heap before
{Heap before GC invocations=4 (full 0):
 PSYoungGen      total 38400K, used 38368K [0x00000000d5e00000, 0x00000000da900000, 0x0000000100000000)
  eden space 33280K, 100% used [0x00000000d5e00000,0x00000000d7e80000,0x00000000d7e80000)
  from space 5120K, 99% used [0x00000000d7e80000,0x00000000d8378020,0x00000000d8380000)
  to   space 5120K, 0% used [0x00000000da400000,0x00000000da400000,0x00000000da900000)
 ParOldGen       total 87552K, used 5623K [0x0000000081a00000, 0x0000000086f80000, 0x00000000d5e00000)
  object space 87552K, 6% used [0x0000000081a00000,0x0000000081f7dd18,0x0000000086f80000)
 Metaspace       used 15145K, capacity 15336K, committed 15616K, reserved 1062912K
  class space    used 1834K, capacity 1940K, committed 2048K, reserved 1048576K
Event: 3.422 GC heap after
Heap after GC invocations=4 (full 0):
 PSYoungGen      total 71680K, used 5088K [0x00000000d5e00000, 0x00000000da900000, 0x0000000100000000)
  eden space 66560K, 0% used [0x00000000d5e00000,0x00000000d5e00000,0x00000000d9f00000)
  from space 5120K, 99% used [0x00000000da400000,0x00000000da8f8020,0x00000000da900000)
  to   space 5120K, 0% used [0x00000000d9f00000,0x00000000d9f00000,0x00000000da400000)
 ParOldGen       total 87552K, used 11314K [0x0000000081a00000, 0x0000000086f80000, 0x00000000d5e00000)
  object space 87552K, 12% used [0x0000000081a00000,0x000000008250ca38,0x0000000086f80000)
 Metaspace       used 15145K, capacity 15336K, committed 15616K, reserved 1062912K
  class space    used 1834K, capacity 1940K, committed 2048K, reserved 1048576K
}
Event: 6.387 GC heap before
{Heap before GC invocations=5 (full 0):
 PSYoungGen      total 71680K, used 71648K [0x00000000d5e00000, 0x00000000da900000, 0x0000000100000000)
  eden space 66560K, 100% used [0x00000000d5e00000,0x00000000d9f00000,0x00000000d9f00000)
  from space 5120K, 99% used [0x00000000da400000,0x00000000da8f8020,0x00000000da900000)
  to   space 5120K, 0% used [0x00000000d9f00000,0x00000000d9f00000,0x00000000da400000)
 ParOldGen       total 87552K, used 11314K [0x0000000081a00000, 0x0000000086f80000, 0x00000000d5e00000)
  object space 87552K, 12% used [0x0000000081a00000,0x000000008250ca38,0x0000000086f80000)
 Metaspace       used 15712K, capacity 15986K, committed 16128K, reserved 1062912K
  class space    used 1871K, capacity 1979K, committed 2048K, reserved 1048576K
Event: 6.411 GC heap after
Heap after GC invocations=5 (full 0):
 PSYoungGen      total 71680K, used 5120K [0x00000000d5e00000, 0x00000000e0000000, 0x0000000100000000)
  eden space 66560K, 0% used [0x00000000d5e00000,0x00000000d5e00000,0x00000000d9f00000)
  from space 5120K, 100% used [0x00000000d9f00000,0x00000000da400000,0x00000000da400000)
  to   space 16384K, 0% used [0x00000000df000000,0x00000000df000000,0x00000000e0000000)
 ParOldGen       total 87552K, used 21721K [0x0000000081a00000, 0x0000000086f80000, 0x00000000d5e00000)
  object space 87552K, 24% used [0x0000000081a00000,0x0000000082f36608,0x0000000086f80000)
 Metaspace       used 15712K, capacity 15986K, committed 16128K, reserved 1062912K
  class space    used 1871K, capacity 1979K, committed 2048K, reserved 1048576K
}
Event: 7.429 GC heap before
{Heap before GC invocations=6 (full 0):
 PSYoungGen      total 71680K, used 71680K [0x00000000d5e00000, 0x00000000e0000000, 0x0000000100000000)
  eden space 66560K, 100% used [0x00000000d5e00000,0x00000000d9f00000,0x00000000d9f00000)
  from space 5120K, 100% used [0x00000000d9f00000,0x00000000da400000,0x00000000da400000)
  to   space 16384K, 0% used [0x00000000df000000,0x00000000df000000,0x00000000e0000000)
 ParOldGen       total 87552K, used 21721K [0x0000000081a00000, 0x0000000086f80000, 0x00000000d5e00000)
  object space 87552K, 24% used [0x0000000081a00000,0x0000000082f36608,0x0000000086f80000)
 Metaspace       used 16423K, capacity 16708K, committed 16896K, reserved 1064960K
  class space    used 1892K, capacity 1982K, committed 2048K, reserved 1048576K
Event: 7.457 GC heap after
Heap after GC invocations=6 (full 0):
 PSYoungGen      total 147456K, used 8944K [0x00000000d5e00000, 0x00000000dfe00000, 0x0000000100000000)
  eden space 133120K, 0% used [0x00000000d5e00000,0x00000000d5e00000,0x00000000de000000)
  from space 14336K, 62% used [0x00000000df000000,0x00000000df8bc010,0x00000000dfe00000)
  to   space 15360K, 0% used [0x00000000de000000,0x00000000de000000,0x00000000def00000)
 ParOldGen       total 87552K, used 21721K [0x0000000081a00000, 0x0000000086f80000, 0x00000000d5e00000)
  object space 87552K, 24% used [0x0000000081a00000,0x0000000082f36608,0x0000000086f80000)
 Metaspace       used 16423K, capacity 16708K, committed 16896K, reserved 1064960K
  class space    used 1892K, capacity 1982K, committed 2048K, reserved 1048576K
}
Event: 12.102 GC heap before
{Heap before GC invocations=7 (full 0):
 PSYoungGen      total 147456K, used 35449K [0x00000000d5e00000, 0x00000000dfe00000, 0x0000000100000000)
  eden space 133120K, 19% used [0x00000000d5e00000,0x00000000d77e2710,0x00000000de000000)
  from space 14336K, 62% used [0x00000000df000000,0x00000000df8bc010,0x00000000dfe00000)
  to   space 15360K, 0% used [0x00000000de000000,0x00000000de000000,0x00000000def00000)
 ParOldGen       total 87552K, used 21721K [0x0000000081a00000, 0x0000000086f80000, 0x00000000d5e00000)
  object space 87552K, 24% used [0x0000000081a00000,0x0000000082f36608,0x0000000086f80000)
 Metaspace       used 20602K, capacity 21142K, committed 21296K, reserved 1069056K
  class space    used 2392K, capacity 2580K, committed 2608K, reserved 1048576K
Event: 12.124 GC heap after
Heap after GC invocations=7 (full 0):
 PSYoungGen      total 148480K, used 10516K [0x00000000d5e00000, 0x00000000e8000000, 0x0000000100000000)
  eden space 133120K, 0% used [0x00000000d5e00000,0x00000000d5e00000,0x00000000de000000)
  from space 15360K, 68% used [0x00000000de000000,0x00000000dea45368,0x00000000def00000)
  to   space 15360K, 0% used [0x00000000e7100000,0x00000000e7100000,0x00000000e8000000)
 ParOldGen       total 87552K, used 23219K [0x0000000081a00000, 0x0000000086f80000, 0x00000000d5e00000)
  object space 87552K, 26% used [0x0000000081a00000,0x00000000830acec8,0x0000000086f80000)
 Metaspace       used 20602K, capacity 21142K, committed 21296K, reserved 1069056K
  class space    used 2392K, capacity 2580K, committed 2608K, reserved 1048576K
}
Event: 12.124 GC heap before
{Heap before GC invocations=8 (full 1):
 PSYoungGen      total 148480K, used 10516K [0x00000000d5e00000, 0x00000000e8000000, 0x0000000100000000)
  eden space 133120K, 0% used [0x00000000d5e00000,0x00000000d5e00000,0x00000000de000000)
  from space 15360K, 68% used [0x00000000de000000,0x00000000dea45368,0x00000000def00000)
  to   space 15360K, 0% used [0x00000000e7100000,0x00000000e7100000,0x00000000e8000000)
 ParOldGen       total 87552K, used 23219K [0x0000000081a00000, 0x0000000086f80000, 0x00000000d5e00000)
  object space 87552K, 26% used [0x0000000081a00000,0x00000000830acec8,0x0000000086f80000)
 Metaspace       used 20602K, capacity 21142K, committed 21296K, reserved 1069056K
  class space    used 2392K, capacity 2580K, committed 2608K, reserved 1048576K
Event: 12.257 GC heap after
Heap after GC invocations=8 (full 1):
 PSYoungGen      total 148480K, used 0K [0x00000000d5e00000, 0x00000000e8000000, 0x0000000100000000)
  eden space 133120K, 0% used [0x00000000d5e00000,0x00000000d5e00000,0x00000000de000000)
  from space 15360K, 0% used [0x00000000de000000,0x00000000de000000,0x00000000def00000)
  to   space 15360K, 0% used [0x00000000e7100000,0x00000000e7100000,0x00000000e8000000)
 ParOldGen       total 84480K, used 25222K [0x0000000081a00000, 0x0000000086c80000, 0x00000000d5e00000)
  object space 84480K, 29% used [0x0000000081a00000,0x00000000832a1a30,0x0000000086c80000)
 Metaspace       used 20602K, capacity 21142K, committed 21296K, reserved 1069056K
  class space    used 2392K, capacity 2580K, committed 2608K, reserved 1048576K
}

