# JRE version: Java(TM) SE Runtime Environment (8.0_144-b01) (build 1.8.0_144-b01)
# Java VM: Java HotSpot(TM) 64-Bit Server VM (25.144-b01 mixed mode windows-amd64 compressed oops)
Heap:
 PSYoungGen      total 60928K, used 18229K [0x00000000d5e00000, 0x00000000dad00000, 0x0000000100000000)
  eden space 47616K, 23% used [0x00000000d5e00000,0x00000000d6916fa8,0x00000000d8c80000)
  from space 13312K, 51% used [0x00000000d8c80000,0x00000000d9336498,0x00000000d9980000)
  to   space 12800K, 0% used [0x00000000d9980000,0x00000000d9980000,0x00000000da600000)
 ParOldGen       total 94720K, used 27810K [0x0000000081a00000, 0x0000000087680000, 0x00000000d5e00000)
  object space 94720K, 29% used [0x0000000081a00000,0x00000000835289e0,0x0000000087680000)
 Metaspace       used 40943K, capacity 42964K, committed 43264K, reserved 1087488K
  class space    used 4935K, capacity 5537K, committed 5632K, reserved 1048576K
GC Heap History (10 events):
Event: 75.478 GC heap before
{Heap before GC invocations=15 (full 1):
 PSYoungGen      total 44032K, used 37428K [0x00000000d5e00000, 0x00000000d9d80000, 0x0000000100000000)
  eden space 30720K, 100% used [0x00000000d5e00000,0x00000000d7c00000,0x00000000d7c00000)
  from space 13312K, 50% used [0x00000000d7c00000,0x00000000d828d2d8,0x00000000d8900000)
  to   space 13312K, 0% used [0x00000000d9080000,0x00000000d9080000,0x00000000d9d80000)
 ParOldGen       total 71168K, used 21116K [0x0000000081a00000, 0x0000000085f80000, 0x00000000d5e00000)
  object space 71168K, 29% used [0x0000000081a00000,0x0000000082e9f298,0x0000000085f80000)
 Metaspace       used 31348K, capacity 32090K, committed 32512K, reserved 1077248K
  class space    used 3736K, capacity 3988K, committed 4096K, reserved 1048576K
Event: 75.485 GC heap after
Heap after GC invocations=15 (full 1):
 PSYoungGen      total 48640K, used 6676K [0x00000000d5e00000, 0x00000000d9b80000, 0x0000000100000000)
  eden space 37376K, 0% used [0x00000000d5e00000,0x00000000d5e00000,0x00000000d8280000)
  from space 11264K, 59% used [0x00000000d9080000,0x00000000d97052d8,0x00000000d9b80000)
  to   space 12800K, 0% used [0x00000000d8280000,0x00000000d8280000,0x00000000d8f00000)
 ParOldGen       total 71168K, used 21124K [0x0000000081a00000, 0x0000000085f80000, 0x00000000d5e00000)
  object space 71168K, 29% used [0x0000000081a00000,0x0000000082ea1298,0x0000000085f80000)
 Metaspace       used 31348K, capacity 32090K, committed 32512K, reserved 1077248K
  class space    used 3736K, capacity 3988K, committed 4096K, reserved 1048576K
}
Event: 76.185 GC heap before
{Heap before GC invocations=16 (full 1):
 PSYoungGen      total 48640K, used 44052K [0x00000000d5e00000, 0x00000000d9b80000, 0x0000000100000000)
  eden space 37376K, 100% used [0x00000000d5e00000,0x00000000d8280000,0x00000000d8280000)
  from space 11264K, 59% used [0x00000000d9080000,0x00000000d97052d8,0x00000000d9b80000)
  to   space 12800K, 0% used [0x00000000d8280000,0x00000000d8280000,0x00000000d8f00000)
 ParOldGen       total 71168K, used 21124K [0x0000000081a00000, 0x0000000085f80000, 0x00000000d5e00000)
  object space 71168K, 29% used [0x0000000081a00000,0x0000000082ea1298,0x0000000085f80000)
 Metaspace       used 33025K, capacity 34142K, committed 34304K, reserved 1079296K
  class space    used 3983K, capacity 4333K, committed 4352K, reserved 1048576K
Event: 76.193 GC heap after
Heap after GC invocations=16 (full 1):
 PSYoungGen      total 50176K, used 9565K [0x00000000d5e00000, 0x00000000da600000, 0x0000000100000000)
  eden space 37376K, 0% used [0x00000000d5e00000,0x00000000d5e00000,0x00000000d8280000)
  from space 12800K, 74% used [0x00000000d8280000,0x00000000d8bd7540,0x00000000d8f00000)
  to   space 12800K, 0% used [0x00000000d9980000,0x00000000d9980000,0x00000000da600000)
 ParOldGen       total 71168K, used 21132K [0x0000000081a00000, 0x0000000085f80000, 0x00000000d5e00000)
  object space 71168K, 29% used [0x0000000081a00000,0x0000000082ea3298,0x0000000085f80000)
 Metaspace       used 33025K, capacity 34142K, committed 34304K, reserved 1079296K
  class space    used 3983K, capacity 4333K, committed 4352K, reserved 1048576K
}
Event: 76.393 GC heap before
{Heap before GC invocations=17 (full 1):
 PSYoungGen      total 50176K, used 27481K [0x00000000d5e00000, 0x00000000da600000, 0x0000000100000000)
  eden space 37376K, 47% used [0x00000000d5e00000,0x00000000d6f7ef90,0x00000000d8280000)
  from space 12800K, 74% used [0x00000000d8280000,0x00000000d8bd7540,0x00000000d8f00000)
  to   space 12800K, 0% used [0x00000000d9980000,0x00000000d9980000,0x00000000da600000)
 ParOldGen       total 71168K, used 21132K [0x0000000081a00000, 0x0000000085f80000, 0x00000000d5e00000)
  object space 71168K, 29% used [0x0000000081a00000,0x0000000082ea3298,0x0000000085f80000)
 Metaspace       used 33982K, capacity 35440K, committed 35496K, reserved 1081344K
  class space    used 4109K, capacity 4599K, committed 4608K, reserved 1048576K
Event: 76.407 GC heap after
Heap after GC invocations=17 (full 1):
 PSYoungGen      total 60416K, used 10774K [0x00000000d5e00000, 0x00000000dad00000, 0x0000000100000000)
  eden space 47616K, 0% used [0x00000000d5e00000,0x00000000d5e00000,0x00000000d8c80000)
  from space 12800K, 84% used [0x00000000d9980000,0x00000000da405a88,0x00000000da600000)
  to   space 13312K, 0% used [0x00000000d8c80000,0x00000000d8c80000,0x00000000d9980000)
 ParOldGen       total 71168K, used 21140K [0x0000000081a00000, 0x0000000085f80000, 0x00000000d5e00000)
  object space 71168K, 29% used [0x0000000081a00000,0x0000000082ea5298,0x0000000085f80000)
 Metaspace       used 33982K, capacity 35440K, committed 35496K, reserved 1081344K
  class space    used 4109K, capacity 4599K, committed 4608K, reserved 1048576K
}
Event: 76.407 GC heap before
{Heap before GC invocations=18 (full 2):
 PSYoungGen      total 60416K, used 10774K [0x00000000d5e00000, 0x00000000dad00000, 0x0000000100000000)
  eden space 47616K, 0% used [0x00000000d5e00000,0x00000000d5e00000,0x00000000d8c80000)
  from space 12800K, 84% used [0x00000000d9980000,0x00000000da405a88,0x00000000da600000)
  to   space 13312K, 0% used [0x00000000d8c80000,0x00000000d8c80000,0x00000000d9980000)
 ParOldGen       total 71168K, used 21140K [0x0000000081a00000, 0x0000000085f80000, 0x00000000d5e00000)
  object space 71168K, 29% used [0x0000000081a00000,0x0000000082ea5298,0x0000000085f80000)
 Metaspace       used 33982K, capacity 35440K, committed 35496K, reserved 1081344K
  class space    used 4109K, capacity 4599K, committed 4608K, reserved 1048576K
Event: 76.512 GC heap after
Heap after GC invocations=18 (full 2):
 PSYoungGen      total 60416K, used 0K [0x00000000d5e00000, 0x00000000dad00000, 0x0000000100000000)
  eden space 47616K, 0% used [0x00000000d5e00000,0x00000000d5e00000,0x00000000d8c80000)
  from space 12800K, 0% used [0x00000000d9980000,0x00000000d9980000,0x00000000da600000)
  to   space 13312K, 0% used [0x00000000d8c80000,0x00000000d8c80000,0x00000000d9980000)
 ParOldGen       total 94720K, used 27802K [0x0000000081a00000, 0x0000000087680000, 0x00000000d5e00000)
  object space 94720K, 29% used [0x0000000081a00000,0x00000000835269e0,0x0000000087680000)
 Metaspace       used 33982K, capacity 35440K, committed 35496K, reserved 1081344K
  class space    used 4109K, capacity 4599K, committed 4608K, reserved 1048576K
}
Event: 81.478 GC heap before
{Heap before GC invocations=19 (full 2):
 PSYoungGen      total 60416K, used 47616K [0x00000000d5e00000, 0x00000000dad00000, 0x0000000100000000)
  eden space 47616K, 100% used [0x00000000d5e00000,0x00000000d8c80000,0x00000000d8c80000)
  from space 12800K, 0% used [0x00000000d9980000,0x00000000d9980000,0x00000000da600000)
  to   space 13312K, 0% used [0x00000000d8c80000,0x00000000d8c80000,0x00000000d9980000)
 ParOldGen       total 94720K, used 27802K [0x0000000081a00000, 0x0000000087680000, 0x00000000d5e00000)
  object space 94720K, 29% used [0x0000000081a00000,0x00000000835269e0,0x0000000087680000)
 Metaspace       used 39879K, capacity 41996K, committed 42112K, reserved 1085440K
  class space    used 4816K, capacity 5494K, committed 5504K, reserved 1048576K
Event: 81.483 GC heap after
Heap after GC invocations=19 (full 2):
 PSYoungGen      total 60928K, used 6873K [0x00000000d5e00000, 0x00000000dad00000, 0x0000000100000000)
  eden space 47616K, 0% used [0x00000000d5e00000,0x00000000d5e00000,0x00000000d8c80000)
  from space 13312K, 51% used [0x00000000d8c80000,0x00000000d9336498,0x00000000d9980000)
  to   space 12800K, 0% used [0x00000000d9980000,0x00000000d9980000,0x00000000da600000)
 ParOldGen       total 94720K, used 27810K [0x0000000081a00000, 0x0000000087680000, 0x00000000d5e00000)
  object space 94720K, 29% used [0x0000000081a00000,0x00000000835289e0,0x0000000087680000)
 Metaspace       used 39879K, capacity 41996K, committed 42112K, reserved 1085440K
  class space    used 4816K, capacity 5494K, committed 5504K, reserved 1048576K
}

