# JRE version: Java(TM) SE Runtime Environment (8.0_144-b01) (build 1.8.0_144-b01)
# Java VM: Java HotSpot(TM) 64-Bit Server VM (25.144-b01 mixed mode windows-amd64 compressed oops)
Heap:
 PSYoungGen      total 156672K, used 102184K [0x00000000f5580000, 0x0000000100000000, 0x0000000100000000)
  eden space 138752K, 73% used [0x00000000f5580000,0x00000000fb94a3f0,0x00000000fdd00000)
  from space 17920K, 0% used [0x00000000fdd00000,0x00000000fdd00000,0x00000000fee80000)
  to   space 17920K, 0% used [0x00000000fee80000,0x00000000fee80000,0x0000000100000000)
 ParOldGen       total 116224K, used 45958K [0x00000000e0000000, 0x00000000e7180000, 0x00000000f5580000)
  object space 116224K, 39% used [0x00000000e0000000,0x00000000e2ce1ba8,0x00000000e7180000)
 Metaspace       used 61811K, capacity 65320K, committed 65432K, reserved 1105920K
  class space    used 8242K, capacity 9112K, committed 9136K, reserved 1048576K
GC Heap History (10 events):
Event: 23.186 GC heap before
{Heap before GC invocations=10 (full 1):
 PSYoungGen      total 147968K, used 94233K [0x00000000f5580000, 0x00000000ff480000, 0x0000000100000000)
  eden space 133120K, 70% used [0x00000000f5580000,0x00000000fb186680,0x00000000fd780000)
  from space 14848K, 0% used [0x00000000fe600000,0x00000000fe600000,0x00000000ff480000)
  to   space 14848K, 0% used [0x00000000fd780000,0x00000000fd780000,0x00000000fe600000)
 ParOldGen       total 79872K, used 24153K [0x00000000e0000000, 0x00000000e4e00000, 0x00000000f5580000)
  object space 79872K, 30% used [0x00000000e0000000,0x00000000e1796468,0x00000000e4e00000)
 Metaspace       used 33480K, capacity 35368K, committed 35496K, reserved 1079296K
  class space    used 4095K, capacity 4704K, committed 4784K, reserved 1048576K
Event: 23.199 GC heap after
Heap after GC invocations=10 (full 1):
 PSYoungGen      total 147968K, used 14834K [0x00000000f5580000, 0x0000000100000000, 0x0000000100000000)
  eden space 133120K, 0% used [0x00000000f5580000,0x00000000f5580000,0x00000000fd780000)
  from space 14848K, 99% used [0x00000000fd780000,0x00000000fe5fc960,0x00000000fe600000)
  to   space 16896K, 0% used [0x00000000fef80000,0x00000000fef80000,0x0000000100000000)
 ParOldGen       total 79872K, used 25159K [0x00000000e0000000, 0x00000000e4e00000, 0x00000000f5580000)
  object space 79872K, 31% used [0x00000000e0000000,0x00000000e1891dd8,0x00000000e4e00000)
 Metaspace       used 33480K, capacity 35368K, committed 35496K, reserved 1079296K
  class space    used 4095K, capacity 4704K, committed 4784K, reserved 1048576K
}
Event: 23.200 GC heap before
{Heap before GC invocations=11 (full 2):
 PSYoungGen      total 147968K, used 14834K [0x00000000f5580000, 0x0000000100000000, 0x0000000100000000)
  eden space 133120K, 0% used [0x00000000f5580000,0x00000000f5580000,0x00000000fd780000)
  from space 14848K, 99% used [0x00000000fd780000,0x00000000fe5fc960,0x00000000fe600000)
  to   space 16896K, 0% used [0x00000000fef80000,0x00000000fef80000,0x0000000100000000)
 ParOldGen       total 79872K, used 25159K [0x00000000e0000000, 0x00000000e4e00000, 0x00000000f5580000)
  object space 79872K, 31% used [0x00000000e0000000,0x00000000e1891dd8,0x00000000e4e00000)
 Metaspace       used 33480K, capacity 35368K, committed 35496K, reserved 1079296K
  class space    used 4095K, capacity 4704K, committed 4784K, reserved 1048576K
Event: 23.268 GC heap after
Heap after GC invocations=11 (full 2):
 PSYoungGen      total 147968K, used 0K [0x00000000f5580000, 0x0000000100000000, 0x0000000100000000)
  eden space 133120K, 0% used [0x00000000f5580000,0x00000000f5580000,0x00000000fd780000)
  from space 14848K, 0% used [0x00000000fd780000,0x00000000fd780000,0x00000000fe600000)
  to   space 16896K, 0% used [0x00000000fef80000,0x00000000fef80000,0x0000000100000000)
 ParOldGen       total 116224K, used 37928K [0x00000000e0000000, 0x00000000e7180000, 0x00000000f5580000)
  object space 116224K, 32% used [0x00000000e0000000,0x00000000e250a1c8,0x00000000e7180000)
 Metaspace       used 33480K, capacity 35368K, committed 35496K, reserved 1079296K
  class space    used 4095K, capacity 4704K, committed 4784K, reserved 1048576K
}
Event: 30.452 GC heap before
{Heap before GC invocations=12 (full 2):
 PSYoungGen      total 147968K, used 133120K [0x00000000f5580000, 0x0000000100000000, 0x0000000100000000)
  eden space 133120K, 100% used [0x00000000f5580000,0x00000000fd780000,0x00000000fd780000)
  from space 14848K, 0% used [0x00000000fd780000,0x00000000fd780000,0x00000000fe600000)
  to   space 16896K, 0% used [0x00000000fef80000,0x00000000fef80000,0x0000000100000000)
 ParOldGen       total 116224K, used 37928K [0x00000000e0000000, 0x00000000e7180000, 0x00000000f5580000)
  object space 116224K, 32% used [0x00000000e0000000,0x00000000e250a1c8,0x00000000e7180000)
 Metaspace       used 45761K, capacity 47838K, committed 48168K, reserved 1091584K
  class space    used 5738K, capacity 6374K, committed 6448K, reserved 1048576K
Event: 30.470 GC heap after
Heap after GC invocations=12 (full 2):
 PSYoungGen      total 155648K, used 14695K [0x00000000f5580000, 0x0000000100000000, 0x0000000100000000)
  eden space 138752K, 0% used [0x00000000f5580000,0x00000000f5580000,0x00000000fdd00000)
  from space 16896K, 86% used [0x00000000fef80000,0x00000000ffdd9c88,0x0000000100000000)
  to   space 17920K, 0% used [0x00000000fdd00000,0x00000000fdd00000,0x00000000fee80000)
 ParOldGen       total 116224K, used 37936K [0x00000000e0000000, 0x00000000e7180000, 0x00000000f5580000)
  object space 116224K, 32% used [0x00000000e0000000,0x00000000e250c1c8,0x00000000e7180000)
 Metaspace       used 45761K, capacity 47838K, committed 48168K, reserved 1091584K
  class space    used 5738K, capacity 6374K, committed 6448K, reserved 1048576K
}
Event: 33.134 GC heap before
{Heap before GC invocations=13 (full 2):
 PSYoungGen      total 155648K, used 119208K [0x00000000f5580000, 0x0000000100000000, 0x0000000100000000)
  eden space 138752K, 75% used [0x00000000f5580000,0x00000000fbb904b8,0x00000000fdd00000)
  from space 16896K, 86% used [0x00000000fef80000,0x00000000ffdd9c88,0x0000000100000000)
  to   space 17920K, 0% used [0x00000000fdd00000,0x00000000fdd00000,0x00000000fee80000)
 ParOldGen       total 116224K, used 37936K [0x00000000e0000000, 0x00000000e7180000, 0x00000000f5580000)
  object space 116224K, 32% used [0x00000000e0000000,0x00000000e250c1c8,0x00000000e7180000)
 Metaspace       used 56690K, capacity 59080K, committed 59160K, reserved 1099776K
  class space    used 7534K, capacity 8238K, committed 8240K, reserved 1048576K
Event: 33.146 GC heap after
Heap after GC invocations=13 (full 2):
 PSYoungGen      total 156672K, used 17901K [0x00000000f5580000, 0x0000000100000000, 0x0000000100000000)
  eden space 138752K, 0% used [0x00000000f5580000,0x00000000f5580000,0x00000000fdd00000)
  from space 17920K, 99% used [0x00000000fdd00000,0x00000000fee7b7e8,0x00000000fee80000)
  to   space 17920K, 0% used [0x00000000fee80000,0x00000000fee80000,0x0000000100000000)
 ParOldGen       total 116224K, used 38747K [0x00000000e0000000, 0x00000000e7180000, 0x00000000f5580000)
  object space 116224K, 33% used [0x00000000e0000000,0x00000000e25d6c90,0x00000000e7180000)
 Metaspace       used 56690K, capacity 59080K, committed 59160K, reserved 1099776K
  class space    used 7534K, capacity 8238K, committed 8240K, reserved 1048576K
}
Event: 33.146 GC heap before
{Heap before GC invocations=14 (full 3):
 PSYoungGen      total 156672K, used 17901K [0x00000000f5580000, 0x0000000100000000, 0x0000000100000000)
  eden space 138752K, 0% used [0x00000000f5580000,0x00000000f5580000,0x00000000fdd00000)
  from space 17920K, 99% used [0x00000000fdd00000,0x00000000fee7b7e8,0x00000000fee80000)
  to   space 17920K, 0% used [0x00000000fee80000,0x00000000fee80000,0x0000000100000000)
 ParOldGen       total 116224K, used 38747K [0x00000000e0000000, 0x00000000e7180000, 0x00000000f5580000)
  object space 116224K, 33% used [0x00000000e0000000,0x00000000e25d6c90,0x00000000e7180000)
 Metaspace       used 56690K, capacity 59080K, committed 59160K, reserved 1099776K
  class space    used 7534K, capacity 8238K, committed 8240K, reserved 1048576K
Event: 33.389 GC heap after
Heap after GC invocations=14 (full 3):
 PSYoungGen      total 156672K, used 0K [0x00000000f5580000, 0x0000000100000000, 0x0000000100000000)
  eden space 138752K, 0% used [0x00000000f5580000,0x00000000f5580000,0x00000000fdd00000)
  from space 17920K, 0% used [0x00000000fdd00000,0x00000000fdd00000,0x00000000fee80000)
  to   space 17920K, 0% used [0x00000000fee80000,0x00000000fee80000,0x0000000100000000)
 ParOldGen       total 116224K, used 45958K [0x00000000e0000000, 0x00000000e7180000, 0x00000000f5580000)
  object space 116224K, 39% used [0x00000000e0000000,0x00000000e2ce1ba8,0x00000000e7180000)
 Metaspace       used 56690K, capacity 59080K, committed 59160K, reserved 1099776K
  class space    used 7534K, capacity 8238K, committed 8240K, reserved 1048576K
}

